# JRE version: Java(TM) SE Runtime Environment (8.0_66-b17) (build 1.8.0_66-b17)
# Java VM: Java HotSpot(TM) 64-Bit Server VM (25.66-b17 mixed mode bsd-amd64 compressed oops)
Heap:
 PSYoungGen      total 18944K, used 3143K [0x00000007aab00000, 0x00000007ac500000, 0x00000007c0000000)
  eden space 16384K, 3% used [0x00000007aab00000,0x00000007aab9f1a8,0x00000007abb00000)
  from space 2560K, 97% used [0x00000007abb00000,0x00000007abd72d28,0x00000007abd80000)
  to   space 5120K, 0% used [0x00000007ac000000,0x00000007ac000000,0x00000007ac500000)
 ParOldGen       total 44032K, used 3418K [0x0000000780000000, 0x0000000782b00000, 0x00000007aab00000)
  object space 44032K, 7% used [0x0000000780000000,0x0000000780356aa8,0x0000000782b00000)
 Metaspace       used 15562K, capacity 15768K, committed 16128K, reserved 1062912K
  class space    used 2112K, capacity 2185K, committed 2304K, reserved 1048576K
GC Heap History (10 events):
Event: 1.879 GC heap before
{Heap before GC invocations=1 (full 0):
 PSYoungGen      total 18944K, used 16384K [0x00000007aab00000, 0x00000007ac000000, 0x00000007c0000000)
  eden space 16384K, 100% used [0x00000007aab00000,0x00000007abb00000,0x00000007abb00000)
  from space 2560K, 0% used [0x00000007abd80000,0x00000007abd80000,0x00000007ac000000)
  to   space 2560K, 0% used [0x00000007abb00000,0x00000007abb00000,0x00000007abd80000)
 ParOldGen       total 44032K, used 0K [0x0000000780000000, 0x0000000782b00000, 0x00000007aab00000)
  object space 44032K, 0% used [0x0000000780000000,0x0000000780000000,0x0000000782b00000)
 Metaspace       used 11479K, capacity 11728K, committed 12032K, reserved 1058816K
  class space    used 1598K, capacity 1671K, committed 1792K, reserved 1048576K
Event: 1.888 GC heap after
Heap after GC invocations=1 (full 0):
 PSYoungGen      total 18944K, used 2538K [0x00000007aab00000, 0x00000007ac000000, 0x00000007c0000000)
  eden space 16384K, 0% used [0x00000007aab00000,0x00000007aab00000,0x00000007abb00000)
  from space 2560K, 99% used [0x00000007abb00000,0x00000007abd7a9f0,0x00000007abd80000)
  to   space 2560K, 0% used [0x00000007abd80000,0x00000007abd80000,0x00000007ac000000)
 ParOldGen       total 44032K, used 1956K [0x0000000780000000, 0x0000000782b00000, 0x00000007aab00000)
  object space 44032K, 4% used [0x0000000780000000,0x00000007801e9190,0x0000000782b00000)
 Metaspace       used 11479K, capacity 11728K, committed 12032K, reserved 1058816K
  class space    used 1598K, capacity 1671K, committed 1792K, reserved 1048576K
}
Event: 662.349 GC heap before
{Heap before GC invocations=2 (full 0):
 PSYoungGen      total 18944K, used 18922K [0x00000007aab00000, 0x00000007ac000000, 0x00000007c0000000)
  eden space 16384K, 100% used [0x00000007aab00000,0x00000007abb00000,0x00000007abb00000)
  from space 2560K, 99% used [0x00000007abb00000,0x00000007abd7a9f0,0x00000007abd80000)
  to   space 2560K, 0% used [0x00000007abd80000,0x00000007abd80000,0x00000007ac000000)
 ParOldGen       total 44032K, used 1956K [0x0000000780000000, 0x0000000782b00000, 0x00000007aab00000)
  object space 44032K, 4% used [0x0000000780000000,0x00000007801e9190,0x0000000782b00000)
 Metaspace       used 15415K, capacity 15640K, committed 15872K, reserved 1062912K
  class space    used 2098K, capacity 2185K, committed 2304K, reserved 1048576K
Event: 662.372 GC heap after
Heap after GC invocations=2 (full 0):
 PSYoungGen      total 18944K, used 2550K [0x00000007aab00000, 0x00000007ac000000, 0x00000007c0000000)
  eden space 16384K, 0% used [0x00000007aab00000,0x00000007aab00000,0x00000007abb00000)
  from space 2560K, 99% used [0x00000007abd80000,0x00000007abffd818,0x00000007ac000000)
  to   space 2560K, 0% used [0x00000007abb00000,0x00000007abb00000,0x00000007abd80000)
 ParOldGen       total 44032K, used 3386K [0x0000000780000000, 0x0000000782b00000, 0x00000007aab00000)
  object space 44032K, 7% used [0x0000000780000000,0x000000078034eaa8,0x0000000782b00000)
 Metaspace       used 15415K, capacity 15640K, committed 15872K, reserved 1062912K
  class space    used 2098K, capacity 2185K, committed 2304K, reserved 1048576K
}
Event: 1933.403 GC heap before
{Heap before GC invocations=3 (full 0):
 PSYoungGen      total 18944K, used 18934K [0x00000007aab00000, 0x00000007ac000000, 0x00000007c0000000)
  eden space 16384K, 100% used [0x00000007aab00000,0x00000007abb00000,0x00000007abb00000)
  from space 2560K, 99% used [0x00000007abd80000,0x00000007abffd818,0x00000007ac000000)
  to   space 2560K, 0% used [0x00000007abb00000,0x00000007abb00000,0x00000007abd80000)
 ParOldGen       total 44032K, used 3386K [0x0000000780000000, 0x0000000782b00000, 0x00000007aab00000)
  object space 44032K, 7% used [0x0000000780000000,0x000000078034eaa8,0x0000000782b00000)
 Metaspace       used 15416K, capacity 15640K, committed 15872K, reserved 1062912K
  class space    used 2098K, capacity 2185K, committed 2304K, reserved 1048576K
Event: 1933.428 GC heap after
Heap after GC invocations=3 (full 0):
 PSYoungGen      total 18944K, used 2541K [0x00000007aab00000, 0x00000007ac000000, 0x00000007c0000000)
  eden space 16384K, 0% used [0x00000007aab00000,0x00000007aab00000,0x00000007abb00000)
  from space 2560K, 99% used [0x00000007abb00000,0x00000007abd7b488,0x00000007abd80000)
  to   space 2560K, 0% used [0x00000007abd80000,0x00000007abd80000,0x00000007ac000000)
 ParOldGen       total 44032K, used 3402K [0x0000000780000000, 0x0000000782b00000, 0x00000007aab00000)
  object space 44032K, 7% used [0x0000000780000000,0x0000000780352aa8,0x0000000782b00000)
 Metaspace       used 15416K, capacity 15640K, committed 15872K, reserved 1062912K
  class space    used 2098K, capacity 2185K, committed 2304K, reserved 1048576K
}
Event: 3211.150 GC heap before
{Heap before GC invocations=4 (full 0):
 PSYoungGen      total 18944K, used 18925K [0x00000007aab00000, 0x00000007ac000000, 0x00000007c0000000)
  eden space 16384K, 100% used [0x00000007aab00000,0x00000007abb00000,0x00000007abb00000)
  from space 2560K, 99% used [0x00000007abb00000,0x00000007abd7b488,0x00000007abd80000)
  to   space 2560K, 0% used [0x00000007abd80000,0x00000007abd80000,0x00000007ac000000)
 ParOldGen       total 44032K, used 3402K [0x0000000780000000, 0x0000000782b00000, 0x00000007aab00000)
  object space 44032K, 7% used [0x0000000780000000,0x0000000780352aa8,0x0000000782b00000)
 Metaspace       used 15422K, capacity 15640K, committed 15872K, reserved 1062912K
  class space    used 2098K, capacity 2185K, committed 2304K, reserved 1048576K
Event: 3211.170 GC heap after
Heap after GC invocations=4 (full 0):
 PSYoungGen      total 18944K, used 2521K [0x00000007aab00000, 0x00000007ac000000, 0x00000007c0000000)
  eden space 16384K, 0% used [0x00000007aab00000,0x00000007aab00000,0x00000007abb00000)
  from space 2560K, 98% used [0x00000007abd80000,0x00000007abff6600,0x00000007ac000000)
  to   space 2560K, 0% used [0x00000007abb00000,0x00000007abb00000,0x00000007abd80000)
 ParOldGen       total 44032K, used 3410K [0x0000000780000000, 0x0000000782b00000, 0x00000007aab00000)
  object space 44032K, 7% used [0x0000000780000000,0x0000000780354aa8,0x0000000782b00000)
 Metaspace       used 15422K, capacity 15640K, committed 15872K, reserved 1062912K
  class space    used 2098K, capacity 2185K, committed 2304K, reserved 1048576K
}
Event: 4323.908 GC heap before
{Heap before GC invocations=5 (full 0):
 PSYoungGen      total 18944K, used 18905K [0x00000007aab00000, 0x00000007ac000000, 0x00000007c0000000)
  eden space 16384K, 100% used [0x00000007aab00000,0x00000007abb00000,0x00000007abb00000)
  from space 2560K, 98% used [0x00000007abd80000,0x00000007abff6600,0x00000007ac000000)
  to   space 2560K, 0% used [0x00000007abb00000,0x00000007abb00000,0x00000007abd80000)
 ParOldGen       total 44032K, used 3410K [0x0000000780000000, 0x0000000782b00000, 0x00000007aab00000)
  object space 44032K, 7% used [0x0000000780000000,0x0000000780354aa8,0x0000000782b00000)
 Metaspace       used 15562K, capacity 15768K, committed 16128K, reserved 1062912K
  class space    used 2112K, capacity 2185K, committed 2304K, reserved 1048576K
Event: 4323.926 GC heap after
Heap after GC invocations=5 (full 0):
 PSYoungGen      total 18944K, used 2507K [0x00000007aab00000, 0x00000007ac500000, 0x00000007c0000000)
  eden space 16384K, 0% used [0x00000007aab00000,0x00000007aab00000,0x00000007abb00000)
  from space 2560K, 97% used [0x00000007abb00000,0x00000007abd72d28,0x00000007abd80000)
  to   space 5120K, 0% used [0x00000007ac000000,0x00000007ac000000,0x00000007ac500000)
 ParOldGen       total 44032K, used 3418K [0x0000000780000000, 0x0000000782b00000, 0x00000007aab00000)
  object space 44032K, 7% used [0x0000000780000000,0x0000000780356aa8,0x0000000782b00000)
 Metaspace       used 15562K, capacity 15768K, committed 16128K, reserved 1062912K
  class space    used 2112K, capacity 2185K, committed 2304K, reserved 1048576K
}

